<?xml version="1.0" encoding="UTF-8"?>
<!-- Generated by org.testng.reporters.JUnitReportReporter -->
<testsuite skipped="0" hostname="LCIS-ARUK01" name="qaclickacademy.SeleniumTest" tests="2" failures="0" timestamp="2021-08-14T07:03:27 IST" time="0.011" errors="0">
  <testcase name="elementsUi" time="0.001" classname="qaclickacademy.SeleniumTest"/>
  <system-out/>
  <testcase name="BrowserAUtomation" time="0.010" classname="qaclickacademy.SeleniumTest"/>
  <system-out/>
</testsuite> <!-- qaclickacademy.SeleniumTest -->
