<?xml version="1.0" encoding="UTF-8"?>
<!-- Generated by org.testng.reporters.JUnitReportReporter -->
<testsuite skipped="0" hostname="LCIS-ARUK01" name="qaclickacademy.RESTAPITest" tests="2" failures="0" timestamp="2021-08-14T07:03:27 IST" time="0.005" errors="0">
  <testcase name="deleteTwitter" time="0.003" classname="qaclickacademy.RESTAPITest"/>
  <system-out/>
  <testcase name="postJira" time="0.002" classname="qaclickacademy.RESTAPITest"/>
  <system-out/>
</testsuite> <!-- qaclickacademy.RESTAPITest -->
